<?xml version="1.0" encoding="UTF-8"?>
<!-- Generated by org.testng.reporters.JUnitXMLReporter -->
<testsuite ignored="0" hostname="DESKTOP-ADUL7BM" failures="0" tests="3" name="Test-2" time="152.557" errors="0" timestamp="08 Aug 2024 05:23:08 GMT">
  <testcase classname="com.comcast.crm.contacttest.CreateContactTest2usingBaseClass" name="CreateContactTestusingBaseClass" time="48.387"/>
  <testcase classname="com.comcast.crm.contacttest.CreateContactTest2usingBaseClass" name="createContactWithOrgTest" time="47.999"/>
  <testcase classname="com.comcast.crm.contacttest.CreateContactTest2usingBaseClass" name="createContactWithSupportDate" time="15.161"/>
</testsuite> <!-- Test-2 -->
