<?xml version="1.0" encoding="UTF-8"?>
<!-- Generated by org.testng.reporters.JUnitReportReporter -->
<testsuite hostname="DESKTOP-ADUL7BM" failures="0" tests="1" name="Practice.Test.GetProductInfoTest" time="12.636" errors="0" timestamp="02 Aug 2024 05:42:43 GMT" skipped="0">
  <testcase classname="Practice.Test.GetProductInfoTest" name="getProductInfoTest" time="12.636"/>
</testsuite> <!-- Practice.Test.GetProductInfoTest -->
