<?xml version="1.0" encoding="UTF-8"?>
<!-- Generated by org.testng.reporters.JUnitReportReporter -->
<testsuite hostname="DESKTOP-ADUL7BM" failures="0" tests="1" name="com.comcast.crm.contacttest.CreateContactTest2usingBaseClass" time="25.643" errors="0" timestamp="09 Aug 2024 07:17:52 GMT" skipped="0">
  <testcase classname="com.comcast.crm.contacttest.CreateContactTest2usingBaseClass" name="CreateContactTestusingBaseClass" time="25.643"/>
</testsuite> <!-- com.comcast.crm.contacttest.CreateContactTest2usingBaseClass -->
