<?xml version="1.0" encoding="UTF-8"?>
<!-- Generated by org.testng.reporters.JUnitReportReporter -->
<testsuite hostname="DESKTOP-ADUL7BM" failures="0" tests="3" name="Practice.Test.GetProductInfoWithMultipleDataTest" time="43.263" errors="0" timestamp="02 Aug 2024 05:54:00 GMT" skipped="0">
  <testcase classname="Practice.Test.GetProductInfoWithMultipleDataTest" name="getProductInfoTest" time="16.316"/>
  <testcase classname="Practice.Test.GetProductInfoWithMultipleDataTest" name="getProductInfoTest" time="13.073"/>
  <testcase classname="Practice.Test.GetProductInfoWithMultipleDataTest" name="getProductInfoTest" time="13.874"/>
</testsuite> <!-- Practice.Test.GetProductInfoWithMultipleDataTest -->
