<?xml version="1.0" encoding="UTF-8"?>
<!-- Generated by org.testng.reporters.JUnitReportReporter -->
<testsuite hostname="DESKTOP-ADUL7BM" failures="0" tests="1" name="Practice.Test.SampleTestForScreenshot" time="7.605" errors="0" timestamp="09 Aug 2024 11:53:30 GMT" skipped="0">
  <testcase classname="Practice.Test.SampleTestForScreenshot" name="amazonTest" time="7.605"/>
</testsuite> <!-- Practice.Test.SampleTestForScreenshot -->
