<?xml version="1.0" encoding="UTF-8"?>
<!-- Generated by org.testng.reporters.JUnitReportReporter -->
<testsuite hostname="DESKTOP-ADUL7BM" failures="0" tests="3" name="com.comcast.crm.orgtest.CreateOrganizationTest2usingBaseClass" time="63.524" errors="0" timestamp="20 Aug 2024 12:39:57 GMT" skipped="0">
  <testcase classname="com.comcast.crm.orgtest.CreateOrganizationTest2usingBaseClass" name="createOrganizationWithPhoneNumber" time="21.565"/>
  <testcase classname="com.comcast.crm.orgtest.CreateOrganizationTest2usingBaseClass" name="createOrganizationWithIndustryTest" time="20.925"/>
  <testcase classname="com.comcast.crm.orgtest.CreateOrganizationTest2usingBaseClass" name="CreateOrganizationTestBaseClass" time="21.034"/>
</testsuite> <!-- com.comcast.crm.orgtest.CreateOrganizationTest2usingBaseClass -->
