<?xml version="1.0" encoding="UTF-8"?>
<!-- Generated by org.testng.reporters.JUnitReportReporter -->
<testsuite hostname="DESKTOP-ADUL7BM" failures="0" tests="3" name="tp.crm.productTest.CreateProductTest" time="233.995" errors="0" timestamp="2024-09-16T17:08:28 IST" skipped="0">
  <testcase classname="tp.crm.productTest.CreateProductTest" name="createProduct" time="86.032"/>
  <system-out/>
  <testcase classname="tp.crm.productTest.CreateProductTest" name="createProductWithVendors" time="97.514"/>
  <system-out/>
  <testcase classname="tp.crm.productTest.CreateProductTest" name="createProductwithPartNumberAndDates" time="50.449"/>
  <system-out/>
</testsuite> <!-- tp.crm.productTest.CreateProductTest -->
